[    1594ms] [ERROR] Failed to load resource: the server responded with a status of 404 () @ https://stash-hazel.vercel.app/icons/icon192.png:0
[    1596ms] [WARNING] Error while trying to use the following icon from the Manifest: https://stash-hazel.vercel.app/icons/icon192.png (Download error or resource isn't a valid image) @ https://stash-hazel.vercel.app/:0
[    1612ms] [ERROR] Access to fetch at 'https://evpruqiugexseqzdokir.supabase.co/rest/v1/feeds?select=*%2Cfeed_category_feeds%28category_id%29&order=title.asc' from origin 'https://stash-hazel.vercel.app' has been blocked by CORS policy: No 'Access-Control-Allow-Origin' header is present on the requested resource. @ https://stash-hazel.vercel.app/:0
[    1613ms] [ERROR] Failed to load resource: net::ERR_FAILED @ https://evpruqiugexseqzdokir.supabase.co/rest/v1/feeds?select=*%2Cfeed_category_feeds%28category_id%29&order=title.asc:0
[    1615ms] [ERROR] Error loading feeds: {message: TypeError: Failed to fetch, details: TypeError: Failed to fetch
    at https://cdn.jsde…ata (https://stash-hazel.vercel.app/app.js:491:5), hint: , code: } @ https://stash-hazel.vercel.app/app.js:2047
[    1620ms] [ERROR] Access to fetch at 'https://evpruqiugexseqzdokir.supabase.co/rest/v1/folders?select=*&order=name.asc' from origin 'https://stash-hazel.vercel.app' has been blocked by CORS policy: No 'Access-Control-Allow-Origin' header is present on the requested resource. @ https://stash-hazel.vercel.app/:0
[    1620ms] [ERROR] Failed to load resource: net::ERR_FAILED @ https://evpruqiugexseqzdokir.supabase.co/rest/v1/folders?select=*&order=name.asc:0
[    1627ms] [ERROR] Access to fetch at 'https://evpruqiugexseqzdokir.supabase.co/rest/v1/saves?select=*%2Csave_tags%28tags%28id%2Cname%2Ccolor%29%29&order=created_at.desc&is_archived=eq.false' from origin 'https://stash-hazel.vercel.app' has been blocked by CORS policy: No 'Access-Control-Allow-Origin' header is present on the requested resource. @ https://stash-hazel.vercel.app/:0
[    1628ms] [ERROR] Failed to load resource: net::ERR_FAILED @ https://evpruqiugexseqzdokir.supabase.co/rest/v1/saves?select=*%2Csave_tags%28tags%28id%2Cname%2Ccolor%29%29&order=created_at.desc&is_archived=eq.false:0
[    1628ms] [ERROR] Error loading saves: {message: TypeError: Failed to fetch, details: TypeError: Failed to fetch
    at https://cdn.jsde…ata (https://stash-hazel.vercel.app/app.js:491:5), hint: , code: } @ https://stash-hazel.vercel.app/app.js:561
[    1629ms] [ERROR] Access to fetch at 'https://evpruqiugexseqzdokir.supabase.co/rest/v1/tags?select=*&order=name.asc' from origin 'https://stash-hazel.vercel.app' has been blocked by CORS policy: No 'Access-Control-Allow-Origin' header is present on the requested resource. @ https://stash-hazel.vercel.app/:0
[    1629ms] [ERROR] Failed to load resource: net::ERR_FAILED @ https://evpruqiugexseqzdokir.supabase.co/rest/v1/tags?select=*&order=name.asc:0
[    1631ms] [ERROR] Access to fetch at 'https://evpruqiugexseqzdokir.supabase.co/rest/v1/feed_categories?select=*&order=sort_order.asc' from origin 'https://stash-hazel.vercel.app' has been blocked by CORS policy: No 'Access-Control-Allow-Origin' header is present on the requested resource. @ https://stash-hazel.vercel.app/:0
[    1631ms] [ERROR] Failed to load resource: net::ERR_FAILED @ https://evpruqiugexseqzdokir.supabase.co/rest/v1/feed_categories?select=*&order=sort_order.asc:0
[    1631ms] [ERROR] Error loading feed categories: {message: TypeError: Failed to fetch, details: TypeError: Failed to fetch
    at https://cdn.jsde…ata (https://stash-hazel.vercel.app/app.js:491:5), hint: , code: } @ https://stash-hazel.vercel.app/app.js:2061
[    1729ms] [ERROR] Access to fetch at 'https://evpruqiugexseqzdokir.supabase.co/rest/v1/feed_items?select=*&is_seen=eq.false' from origin 'https://stash-hazel.vercel.app' has been blocked by CORS policy: No 'Access-Control-Allow-Origin' header is present on the requested resource. @ https://stash-hazel.vercel.app/:0
[    1729ms] [ERROR] Failed to load resource: net::ERR_FAILED @ https://evpruqiugexseqzdokir.supabase.co/rest/v1/feed_items?select=*&is_seen=eq.false:0
